Pig Stack Trace
---------------
ERROR 1070: Could not resolve udf.UPPER using imports: [, org.apache.pig.builtin., org.apache.pig.impl.builtin.]

org.apache.pig.impl.logicalLayer.FrontendException: ERROR 1000: Error during parsing. Could not resolve udf.UPPER using imports: [, org.apache.pig.builtin., org.apache.pig.impl.builtin.]
	at org.apache.pig.PigServer$Graph.parseQuery(PigServer.java:1641)
	at org.apache.pig.PigServer$Graph.registerQuery(PigServer.java:1584)
	at org.apache.pig.PigServer.registerQuery(PigServer.java:584)
	at org.apache.pig.tools.grunt.GruntParser.processPig(GruntParser.java:942)
	at org.apache.pig.tools.pigscript.parser.PigScriptParser.parse(PigScriptParser.java:386)
	at org.apache.pig.tools.grunt.GruntParser.parseStopOnError(GruntParser.java:188)
	at org.apache.pig.tools.grunt.GruntParser.parseStopOnError(GruntParser.java:164)
	at org.apache.pig.tools.grunt.Grunt.exec(Grunt.java:84)
	at org.apache.pig.Main.run(Main.java:561)
	at org.apache.pig.Main.main(Main.java:111)
	at sun.reflect.NativeMethodAccessorImpl.invoke0(Native Method)
	at sun.reflect.NativeMethodAccessorImpl.invoke(NativeMethodAccessorImpl.java:39)
	at sun.reflect.DelegatingMethodAccessorImpl.invoke(DelegatingMethodAccessorImpl.java:25)
	at java.lang.reflect.Method.invoke(Method.java:597)
	at org.apache.hadoop.util.RunJar.main(RunJar.java:156)
Caused by: Failed to parse: Pig script failed to parse: 
<file pig_scripts/udf(copy).pig, line 3, column 23> Failed to generate logical plan. Nested exception: java.lang.RuntimeException: Cannot instantiate: udf.UPPER
	at org.apache.pig.parser.QueryParserDriver.parse(QueryParserDriver.java:178)
	at org.apache.pig.PigServer$Graph.parseQuery(PigServer.java:1633)
	... 14 more
Caused by: 
<file pig_scripts/udf(copy).pig, line 3, column 23> Failed to generate logical plan. Nested exception: java.lang.RuntimeException: Cannot instantiate: udf.UPPER
	at org.apache.pig.parser.LogicalPlanBuilder.buildUDF(LogicalPlanBuilder.java:912)
	at org.apache.pig.parser.LogicalPlanGenerator.func_eval(LogicalPlanGenerator.java:7047)
	at org.apache.pig.parser.LogicalPlanGenerator.projectable_expr(LogicalPlanGenerator.java:8583)
	at org.apache.pig.parser.LogicalPlanGenerator.var_expr(LogicalPlanGenerator.java:8358)
	at org.apache.pig.parser.LogicalPlanGenerator.expr(LogicalPlanGenerator.java:7711)
	at org.apache.pig.parser.LogicalPlanGenerator.flatten_generated_item(LogicalPlanGenerator.java:5693)
	at org.apache.pig.parser.LogicalPlanGenerator.generate_clause(LogicalPlanGenerator.java:12307)
	at org.apache.pig.parser.LogicalPlanGenerator.foreach_plan(LogicalPlanGenerator.java:12048)
	at org.apache.pig.parser.LogicalPlanGenerator.foreach_clause(LogicalPlanGenerator.java:11915)
	at org.apache.pig.parser.LogicalPlanGenerator.op_clause(LogicalPlanGenerator.java:1364)
	at org.apache.pig.parser.LogicalPlanGenerator.general_statement(LogicalPlanGenerator.java:683)
	at org.apache.pig.parser.LogicalPlanGenerator.statement(LogicalPlanGenerator.java:483)
	at org.apache.pig.parser.LogicalPlanGenerator.query(LogicalPlanGenerator.java:369)
	at org.apache.pig.parser.QueryParserDriver.parse(QueryParserDriver.java:171)
	... 15 more
Caused by: java.lang.RuntimeException: Cannot instantiate: udf.UPPER
	at org.apache.pig.impl.PigContext.instantiateFuncFromSpec(PigContext.java:461)
	at org.apache.pig.impl.PigContext.instantiateFuncFromSpec(PigContext.java:510)
	at org.apache.pig.impl.PigContext.instantiateFuncFromAlias(PigContext.java:533)
	at org.apache.pig.parser.LogicalPlanBuilder.buildUDF(LogicalPlanBuilder.java:909)
	... 28 more
Caused by: org.apache.pig.backend.executionengine.ExecException: ERROR 1070: Could not resolve udf.UPPER using imports: [, org.apache.pig.builtin., org.apache.pig.impl.builtin.]
	at org.apache.pig.impl.PigContext.resolveClassName(PigContext.java:446)
	at org.apache.pig.impl.PigContext.instantiateFuncFromSpec(PigContext.java:458)
	... 31 more
================================================================================
