Pig Stack Trace
---------------
ERROR 101: Local file '/tmp/udf.jar' does not exist.

org.apache.pig.backend.executionengine.ExecException: ERROR 101: Local file '/tmp/udf.jar' does not exist.
	at org.apache.pig.impl.io.FileLocalizer.fetchFile(FileLocalizer.java:750)
	at org.apache.pig.PigServer.locateJarFromResources(PigServer.java:502)
	at org.apache.pig.PigServer.registerJar(PigServer.java:541)
	at org.apache.pig.tools.grunt.GruntParser.processRegister(GruntParser.java:418)
	at org.apache.pig.tools.pigscript.parser.PigScriptParser.parse(PigScriptParser.java:419)
	at org.apache.pig.tools.grunt.GruntParser.parseStopOnError(GruntParser.java:188)
	at org.apache.pig.tools.grunt.GruntParser.parseStopOnError(GruntParser.java:164)
	at org.apache.pig.tools.grunt.Grunt.exec(Grunt.java:84)
	at org.apache.pig.Main.run(Main.java:561)
	at org.apache.pig.Main.main(Main.java:111)
	at sun.reflect.NativeMethodAccessorImpl.invoke0(Native Method)
	at sun.reflect.NativeMethodAccessorImpl.invoke(NativeMethodAccessorImpl.java:39)
	at sun.reflect.DelegatingMethodAccessorImpl.invoke(DelegatingMethodAccessorImpl.java:25)
	at java.lang.reflect.Method.invoke(Method.java:597)
	at org.apache.hadoop.util.RunJar.main(RunJar.java:156)
================================================================================
